CC\C(C#N)=C1NC(C=CC=C2)=C2O/1.O=C=O  181
NC(N2C3=CC=C(OC)C=C3)=C(C#N)C(C1=CC=CC=C1)=CS/C2=C(C(CC)=O)/C#N.O=C=O  184
O=C(N1CC2=CC=CO2)CS/C1=C(C)/C#N.O=C=O  216
O=C(OCC)/C(C#N)=C(SC1)\N(C2=C(OC)C=CC=C2)C1=O.C  237
O=C(OCC)/C(C#N)=C(SC1)\N(C2=C(C)C=CC=C2)C1=O.C  238
O=C(OCC)/C(C#N)=C(SC1)\N(C2=C(Cl)C=CC=C2)C1=O.C  239
O=C(OCC)/C(C#N)=C(SC1)\N(C2=CC(Cl)=CC=C2)C1=O.C  240
O=C(OCC)/C(C#N)=C(SC1)\N(C2=CC=C(C(O)=O)C=C2)C1=O.C  241
O=C(OCC)/C(C#N)=C(SC1)\N(C2=CC=C(Br)C=C2)C1=O.C  242
O=C(OCC)/C(C#N)=C(SC1)\N(CC2=CC=CO2)C1=O.C  243
O=C(OCC)/C(C#N)=C(SC1)\N(C2=CC=C(N(C)C)C=C2)C1=O.C  244
O=C(OCC)/C(C#N)=C(S/C1=C/C2=CC=CO2)\N(C3=CC=C(Cl)C=C3)C1=O.C  245
O=C(OCC)/C(C#N)=C(S/C1=C/C2=CC=CO2)\N(C3=CC=C(C)C=C3)C1=O.C  246
O=C(OCC)/C(C#N)=C(S/C1=C/C2=CC=CO2)\N(C3=CC=C(Br)C=C3)C1=O.C  247
O=C(OCC)/C(C#N)=C(S/C1=C/C2=CC=CO2)\N(C3=CC=C(C(O)=O)C=C3)C1=O.C  248
O=C(OCC)/C(C#N)=C(S/C1=C/C2=CC=CC=C2)\N(C3=CC=C(Cl)C=C3)C1=O.C  249
O=C(OCC)/C(C#N)=C(S/C1=C/C2=CC=C([N+]([O-])=O)C=C2)\N(C3=CC=C(OC)C=C3)C1=O.C  250
O=C(OCC)/C(C#N)=C(S/C1=C/C2=CC=C(OC)C=C2)\N(C3=CC=C(OC)C=C3)C1=O.C  251
O=C(OCC)/C(C#N)=C(S/C1=C/C2=CC=CS2)\N(C3=CC=C(OC)C=C3)C1=O.C  252
O=C(OCC)/C(C#N)=C(S/C1=C/C2=CC=C(Br)O2)\N(CC3=CC=CO3)C1=O.C  253
O=C(OCC)/C(C#N)=C(SC1Br)\N(C2=CC=CC=C2)C1=O.C  254
O=C(OCC)/C(C#N)=C(SC1Br)\N(C2=CC=C(OC)C=C2)C1=O.C  255
O=C(OCC)/C(C#N)=C(SC1Br)\N(C2=CC=C(Br)C=C2)C1=O.C  256
O=C(OCC)/C(C#N)=C(SC1Br)\N(C2=CC=C(Cl)C=C2)C1=O.C  257
O=C(OCC)/C(C#N)=C(SC1NS(C3=CC=C(C)C=C3)(=O)=O)\N(C2=CC=C(OC)C=C2)C1=O.C  258
O=C(OCC)/C(C#N)=C(SC1NS(C3=CC=C(C)C=C3)(=O)=O)\N(C2=CC=C(C)C=C2)C1=O.C  259
S1C(N(C(=C2)C=CC=C2)C(=O)C1(Cl)Cl)=C(C(=O)OCC)C#N.C  260
O=C(OCC)/C(C#N)=C(SC1/C(SC)=C(C#N)/C(NCC3=CC=CO3)=O)\N(C2=CC=C(OC)C=C2)C1=O.C  261
O=C(OCC)/C(C#N)=C(S/C1=C/C=C/C2=CC=CC=C2)\N(C3=CC=C(OC)C=C3)C1=O.C  262
O=C(OCC)/C(C#N)=C(S/C1=C(SC)/C(C3=CC=CC=C3)=C(C#N)/C#N)\N(C2=CC=C(OC)C=C2)C1=O.C  263
O=C(OCC)/C(C#N)=C(S/C1=C(SC)/C(C3=CC=CC=C3)=C(C#N)/C#N)\N(C2=CC=C(Br)C=C2)C1=O.C  264
O=C(OCC)/C(C#N)=C(S/C1=C(SC)/C(C3=CC=C(OC)C=C3)=C(C#N)/C#N)\N(C2=CC=C(Br)C=C2)C1=O.C  265
O=C(OCC)/C(C#N)=C(S/C1=C(SC)/C(C3=CC=C(Br)C=C3)=C(C#N)/C#N)\N(C2=CC=C(Br)C=C2)C1=O.C  266
O=C(OCC)\C(C#N)=C(SC1C2=CC(C5=CC=CC=C5)=C(C#N)C(N)=[N+]2C3=CC=C(Cl)C=C3)/N(C4=CC=C(OC)C=C4)C1=O.C  267
O=C(OCC)\C(C#N)=C(SC1C(NN4C5=CC=CC=C5)=CC(C3=CC=CC=C3)=C(C#N)C4=N)/N(C2=CC=C(OC)C=C2)C1=O.C  268
O=C(OCC)\C(C#N)=C(SC1C2=CC(C5=CC=CC=C5)=C(C#N)[C@](N)([H])N2C3=CC=C(OC)C=C3)/N(C4=CC=C(OC)C=C4)C1=O.C  269
BrS/C(NC1=CC=C(OC)C=C1)=C(C#N)/C(OCC)=O.C  270
ClC1=CC=C(N/C(SBr)=C(C#N)\C(OCC)=O)C=C1.C  271
O=C(N)\C(C#N)=C1SC(N)=C(C#N)C(C2=CC=CO2)=C/1.C  275
COC1=CC=C(CC/2=C(SC)SC(SC)=CC2=C(C#N)/C#N)C=C1.C  278
S=C1SC(N)=C(C#N)C(CCC2=CC=C(OC)C=C2)=C1.C  279
S=C1SC(N)=C(C#N)C2=C1CCC/C2=C\C3=CC=CO3.C  280
N=C1SC(NC2=CC=CC=C2)=CC(C3=CC=CC=C3)=C1C#N.C  281
O=C(OCC)C1=C(NC3=CC=C(OC)C=C3)SC(/C(C2=CC=CC=C2)=C(C#N)/C#N)=C1N.C  300
O=C(OCC)C1=C(NC3=CC=CC=C3)SC(/C(C2=CC=CC=C2)=C(C#N)/C#N)=C1N.C  301
O=C(OCC)C1=C(NC3=CC=C(C)C=C3)SC(/C(C2=CC=CC=C2)=C(C#N)/C#N)=C1N.C  302
O=C(OCC)C1=C(NCC3=CC=CO3)SC(/C(C2=CC=CC=C2)=C(C#N)/C#N)=C1N.C  303
O=C(OCC)C1=C(NC3=CC=C(Cl)C=C3)SC(/C(C2=CC=CC=C2)=C(C#N)/C#N)=C1N.C  304
NC1=C(/C(C3=CC=CC=C3)=C(C#N)\C#N)SC(NC2=CC=C(C)C=C2)=C1C(OCC)=O.C  306
NC1=C(/C(C3=CC=CC=C3)=C(C#N)\C#N)SC(NC2=CC=C(Cl)C=C2)=C1C(OCC)=O.C  307
NC1=C(/C(C3=CC=CC=C3)=C(C#N)\C#N)SC(NC2=CC=C(OC)C=C2)=C1C(OCC)=O.C  308
NC1=C(/C(C3=CC=CC=C3)=C(C#N)\C#N)SC(NCC2=CC=CO2)=C1C(OCC)=O.C  309
O=C(OCC)C1=C(NC3=CC=CC=C3)SC(C(C2=CC=CC=C2)=O)=C1N.C  310
O=C(/C(C#N)=N/NCC2=CC=CO2)C1=CC=CO1.C  350
C(=C1)(OC=C1)C2(C)CC(C(=C3)OC=C3)=C(C#N)C(=N)C2(C#N)C#N.C  357
N#C\C(C#N)=C(SC)/C(CCC2)/C(/C2=C/C1=CC=CO1)=C(C#N)\C#N.C  367
CS/C(C/C(/C=C/C1=CC=CO1)=C(C#N)\C#N)=C(C#N)/C#N.C  368
O=C(/C(C#N)=C([S-](N)N)\NN)N/N=C(SCC)/SCC.C  408
O=C(/C(C#N)=C(O)\NCC1=CC=CO1)N/N=C(SCC)/SCC.C  409
O=C(/C(C#N)=C(C/C(C1=CC=CO1)=C(C#N)\C#N)\S)N/N=C(SCC)/SCC.C  410
O=C(/C(C#N)=C(C/C(C1=CC=CC=C1)=C(C#N)\C#N)\S)N/N=C(SCC)/SCC.C  411
O=C(/C(C#N)=C(N[N-]C(C2=CC=CC=C2)=O)/SCC)NCC1=CC=CO1.C  430
O=C(/C(C#N)=C(NCCCC)/SCC)NCC1=CC=CO1.C  431
N#C\C(C#N)=C/C=C(S/C(NC2=CC=C(OC)C=C2)=C(C(OOCC)=O)\C#N)/C1=CC=CC=C1.C  438
CN(/C=N/C(Cl)=C(C#N)/C=[N+](C)/C)C.O=Cl(=O)([O-])=O.C  474
O=C(CC#N)N/N=C/C1=CC=C([N+]([O-])=O)O1.C  493
O=C(CC#N)N/N=C(C)/C1=CC=C([N+]([O-])=O)O1.C  494
BrC1=CC=C(/C=N/NC(CC#N)=O)O1.C  495
O=C(CC#N)N/N=C/C1=CC=CS1.C  497
O=C(C[N+]([O-])=O)N/N=C/C1=CC=CO1.C  499
COC1=CC=C(C([C@@](CN(C)C)([H])Br)=O)C=C1.[H]Br  587
O=C(C[N+]2=CC=CC=C2)C1=CC=CO1.[I-]  588
O=C(CC(C2=CC=CO2)C[N+]([O-])=O)CC(C1=CC=CO1)C[N+]([O-])=O.C  613
CCOC(/C(C#N)=C(NC1=CC=C(OC)C=C1)/[S-])=O.[NH3+]C2=CC=C(OC)C=C2  630
CCOC(/C(C#N)=C(NC1=CC=CC=C1OC)/[S-])=O.[NH3+]C2=C(OC)C=CC=C2  631
CCOC(/C(C#N)=C(NC1=CC=C(Cl)C=C1)/[S-])=O.[NH3+]C2=CC=C(Cl)C=C2  632
CCOC(/C(C#N)=C(NC1=CC=CC=C1Cl)/[S-])=O.[NH3+]C2=C(Cl)C=CC=C2  633
CCOC(/C(C#N)=C(NC1=CC=CC(Cl)=C1)/[S-])=O.[NH3+]C2=CC(Cl)=CC=C2  634
CCOC(/C(C#N)=C(NC1=CC=C(Br)C=C1)/[S-])=O.[NH3+]C2=CC=C(Br)C=C2  635
CCOC(/C(C#N)=C(NC1=CC=CC=C1)/[S-])=O.[NH3+]C2=CC=CC=C2  636
COC(/C(C#N)=C(NC1=CC=C(Cl)C=C1)/[S-])=O.[NH3+]C2=CC=C(Cl)C=C2  637
CCOC(/C(C#N)=C(NC1=CC=C(C)C=C1)/[S-])=O.[NH3+]C2=CC=C(C)C=C2  638
CCOC(/C(C#N)=C(NCC1=CC=CC=C1)/[S-])=O.[NH3+]CC2=CC=CC=C2  639
CCOC(/C(C#N)=C(NCC1=CC=CO1)/[S-])=O.[NH3+]CC2=CC=CO2  640
CCOC(/C(C#N)=C(NC1=CC=CC=C1C)/[S-])=O.[NH3+]C2=C(C)C=CC=C2  641
CCOC(/C(C#N)=C(NC1=CC=C(N(C)C)C=C1)/[S-])=O.[NH3+]C2=CC=C(N(C)C)C=C2  642
CCOC(/C(C#N)=C(NC1=CC=C(C(O)=O)C=C1)/[S-])=O.[NH3+]C2=CC=C(C(O)=O)C=C2  643
CCOC(/C(C#N)=C(CC1=C(C)C=CC=C1C)/[S-])=O.[NH3+]C2=C(C)C=CC=C2C  644
C/C(C)=N\NC(/C(C#N)=C([S-])/SC)=O.[Na+]  673
C/C(C)=N\NC(/C(C#N)=C([S-])/SCCCC)=O.[Na+]  674
C/C(C)=N\NC(/C(C#N)=C([S-])/SCC(OCC)=O)=O.[Na+]  675
[S-]C(OCC1=CC=CC1)=S.[K+]  676
O=C(/C(C#N)=C([S-])/[S-])N\N=C(SC)/SC.[Na+].[Na+]  677
O=C(/C(C#N)=C([S-])/[S-])NCC1=CC=CO1.[K+].[K+]  678
[S-]C(NNC(CC#N)=O)=S.[K+]  679
[S-]/C([S-])=N/NC(CC#N)=O.[K+].[K+]  680
CCOC(C(C#N)/C=C/C(C1=CC=CO1)=C(C#N)\C#N)=O.[K+]  683
[S-]\C([S-])=C(C(OCC)=O)/C#N.[Na+].[Na+]  685
