NC1=C(C#N)C(SC)=C(C#N)C(N1/N=C/C2=CC=CO2)=O  1
NC1=C(C#N)C(SC)=C(C#N)C(N1/N=C(C)/C2=CC=CO2)=O  2
O=C(C(C#N)=[C@]2SC)NC(C2(C(N)=O)C(C1=CC=CC=C1)=O)=O  3
NC1=NC(SC)=CC(C2=CC=CO2)=C1C#N  4
NC1=NC(SC)=C(C)C(C2=CC=CO2)=C1C#N  5
CC1=CC(C2=CC=CO2)=C(C#N)C(OC)=N1  6
NC(N1NC(C3=CC=CC=C3)=O)=C(C#N)C(C2=CC=CO2)=C/C1=C(C#N)\C#N  7
NC1=NC(SC)=C(C)C(C2=CC=CC=C2)=C1C#N  8
CSC1=CC(C2=CC=CO2)=C(C#N)C(SC)=N1  9
BrC1=NC(SC)=C(CCC2)C(/C2=C(C3=CC=C(Br)O3)\Br)=C1C#N  10
O=C1NC(/C3=C/C2=CC=CO2)=C(CCC3)C(SC)=C1C#N  11
S=C(N1)C(C#N)=C(/C3=C/C2=CC=CO2)C(CCC3)/C1=C(C(OCC)=O)\C#N  12
O=C1C(C#N)=C(SC)C(C(N/N=C(SC)/SC)=O)=C(N)N1CC2=CC=CO2  13
O=C1C(C#N)=C(S)C(C(N/N=C(SC)/SC)=O)=C(N)N1CC2=CC=CO2  14
O=C1C=C(N)C(C(NCC3=CC=CO3)=O)=C(N)N1CC2=CC=CO2  15
O=C1C(C#N)=C(C)C=C(C)N1CC2=CC=CO2  16
O=C1C(C#N)=C(SC)C(C#N)=C(N)N1CC2=CC=CO2  17
O=C1C(C#N)=C(SC)C(C(NCC3=CC=CO3)=O)=C(N)N1CC2=CC=CO2  18
O=C1C(C#N)C(C3=CC=C(OC)C=C3)C(C(NCC4=CC=CO4)=O)=C(N)N1CC2=CC=CO2  19
O=C1C(C#N)=C(SCC)C(C(NCC3=CC=CO3)=O)=C(N)N1CC2=CC=CO2  22
O=C1C(C#N)=C(SCC4=CC=CC=C4)C(C(NCC3=CC=CO3)=O)=C(N)N1CC2=CC=CO2  23
O=C1C(C#N)=C(SC)C(C(NCC3=CC=CO3)=O)=C(N)N1CC2=CC=CC=C2  24
O=C1C(C#N)=C(SC)C(C(NCC3=CC=CO3)=O)=C(N)N1NC2=CC=CC=C2  25
O=C1C(C#N)=C(SCC)C(C(NCC3=CC=CO3)=O)=C(N)N1NC2=CC=CC=C2  26
O=C1C(C#N)=C(SC)C(C(OC)=O)=C(C2=CC=CO2)N1  27
NC1=NC(SC)=CC(C2=CC=CC=C2)=C1C#N  28
N#CC1=CC=C(C2=CC=CC=C2)N/C1=C(C#N)\C#N  29
ClC(C=C2)=CC=C2C1=CC=C(C#N)/C(N1)=C(C#N)/C#N  30
N#CC1=CC=C(C2=CC=C(OC)C=C2)N/C1=C(C#N)\C#N  33
CSC(C=C(C2=CC=CC=C2)N1)=C(C#N)/C1=C(C#N)/C#N  34
ClC(C=C2)=CC=C2C1=CC(SC)=C(C#N)/C(N1)=C(C#N)/C#N  35
N#CC1=C(SC)C=C(C2=CC=C(OC)C=C2)N/C1=C(C#N)\C#N  36
O=C1C(C(OC)=O)=C(S/C)C(C#N)=C(/C(OC)=C)N1  37
O=C1C(C#N)=C(SCC3=CC=CC=C3)C(C#N)=C(N)N1CC2=CC=CC=C2  38
O=C(N1/N=C(SC)\SC)C(C#N)=C(SC)C(C(OC)=O)=C1N  42
O=C(N1/N=C(SC)\SC)C(C#N)=C(SC)C(C(NCC2=CC=CO2)=O)=C1N  43
O=C1C(C#N)=C(S)C(C(OCC)=O)=C(N)N1/N=C/C2=CC=CO2  44
O=C(N1/N=C/C2=CC=C([N+]([O-])=O)O2)C(C#N)=C(S)C(C(OCC)=O)=C1N  45
O=C(N1/N=C/C2=CC=C(Br)O2)C(C#N)=C(SC)C(C#N)=C1N  46
O=C(N1/N=C(C)/C2=CC=C([N+]([O-])=O)O2)C(C#N)=C(SC)C(C#N)=C1N  47
O=C(N1/N=C(C)/C2=CC=C([N+]([O-])=O)O2)C(C#N)=C(SC)C(C(OCC)=O)=C1N  48
O=C(N1/N=C/C2=CC=C(Br)O2)C(C#N)=C(SC)C(C(OC)=O)=C1N  49
O=C(N1/N=C/C=C/C2=CC=CO2)C(C#N)=C(SC)C(C(OC)=O)=C1N  50
O=C(N1/N=C/C=C/C2=CC=CO2)C(C#N)=C(SC)C(C#N)=C1N  51
O=C(N2)C(C#N)=C(SC)C(C(OCC)=O)=C2C1=CC=CO1  52
NC1=C(C(OC)=O)C(SC)=C(C#N)C(C(C#N)C#N)=N1  53
N#CC1=C(C(C#N)C#N)N=C(C(C#N)C#N)C=C1C2=CC=CC=C2  54
NC(C(C#N)=C2C3=CC=CC=C3)=NC1=C2C(SC)=CC(C4=CC=CC=C4)=C1C#N  55
NC(C(C#N)=C2C3=CC=C(C)C=C3)=NC1=C2C(SC)=CC(C4=CC=CC=C4)=C1C#N  56
O=C(NCC3=CC=CO3)C1=CC(C=CC=C2)=C2OC1=O  57
NC(S/C3=C(C#N)/C(OC)=O)=C(C#N)C1=C3CCC\C1=C/C2=CC=CO2  58
NC(S/C3=C(C#N)/C(OCC)=O)=C(C#N)C1=C3CCC\C1=C/C2=CC=CO2  59
O=C(NCC3=CC=CO3)C1=C(N)NC(C=CC=C2)=C2NC1=S  60
O=C(NCC3=CC=CC=C3)C(C(NC(C=CC=C2)=C2N1)=N)C1=S  61
SC1=C(C(OCC)=O)C(NC(C=CC=C2)=C2N1)=N  62
O=C(NCC3=CC=CO3)C1=C(N)OC(C=CC=C2)=C2NC1=S  63
N=C1NC(C=CC=C2)=C2NC(S(OC)=O)=C1C(OCC)=O  64
N=C1NC(C=CC=C2)=C2NC(S(OC)=O)=C1C(OCC)=O  65
SC1=C(C(OCC)=O)C(OC(C=CC=C2)=C2N1)=N  66
S=C1NC2=C(C=CC=C2)OC(N)=C1C(OC)=O  67
O=C(NCC3=CC=CO3)/C(C#N)=C1NC2=C(C=CC=C2)N\1  68
N#C/C(C(OCC)=O)=C1NC2=C(C=CC=C2)N/1  69
O=C(NCC3=CC=CC=C3)/C(C#N)=C1NC2=C(C=CC=C2)N\1  70
N=C2C(C(OCC)=O)=C3N(C(C)=C(C(C)=O)S3)C1=CC=CC=C1N2  71
N=C2C(C(OCC)=O)=C3N(C(C4=CC=CC=C4)=CS3)C1=CC=CC=C1N2  72
N=C2C(C(OCC)=O)=C3N(C(C(S3)=O)=O)C1=CC=CC=C1N2  73
N=C2C(C(OCC)=O)=C3N(C(C(OCC)=O)=CS3)C1=CC=CC=C1N2  74
N=C2C(C(OCC)=O)=C4N(C(/C(S4)=C(C)/NC3=CC=CC=C3)=O)C1=CC=CC=C1N2  75
N=C2C(C(OCC)=O)=C4N(C(/C(S4)=C/C3=CC=CC=C3)=O)C1=CC=CC=C1N2  76
N=C2C(C(OCC)=O)=C4N(C(/C(S4)=C/C3=CC=CO3)=O)C1=CC=CC=C1N2  77
N=C2C(C(OCC)=O)=C4N(C(/C(S4)=C/C3=CC=C(Cl)C=C3)=O)C1=CC=CC=C1N2  78
N=C2C(C(OCC)=O)=C4N(C(/C(S4)=C/C3=CC=C([N+]([O-])=O)C=C3)=O)C1=CC=CC=C1N2  79
N=C2C(C(OCC)=O)=C4N(C(/C(S4)=C/C3=CC=C(C)C=C3)=O)C1=CC=CC=C1N2  80
N=C2C(C(OCC)=O)=C4N(C(/C(S4)=C/C3=CC=C(Br)O3)=O)C1=CC=CC=C1N2  81
N=C2C(C(OC)=O)=C3N(C(C4=CC=CO4)=CS3)C1=CC=CC=C1N2  82
O=C(/C(C#N)=C(S2)/NC3=C(C=CC=C3)C2=O)NCC1=CC=CO1  84
N=C2C(C(OCC)=O)=C3N(C(C)=C(C(C)=O)S3)C1=CC=CC=C1O2  85
N=C2C(C(OCC)=O)=C3N(C(C4=CC=CC=C4)=C(C(C)=O)S3)C1=CC=CC=C1O2  86
N=C2C(C(OCC)=O)=C3N(C(C(S3)=O)=O)C1=CC=CC=C1O2  87
N=C2C(C(OCC)=O)=C3N(C(C(OCC)=O)=CS3)C1=CC=CC=C1O2  88
N=C2C(C(OCC)=O)=C3N(C(/C(S3)=C(NC4=CC=CC=C4)/C)=O)C1=CC=CC=C1O2  89
N=C2C(C(OCC)=O)=C4N(C(/C(S4)=C\C3=CC=CC=C3)=O)C1=CC=CC=C1O2  90
N=C2C(C(OCC)=O)=C4N(C(/C(S4)=C\C3=CC=CO3)=O)C1=CC=CC=C1O2  91
N=C2C(C(OCC)=O)=C4N(C(/C(S4)=C\C3=CC=C(Cl)C=C3)=O)C1=CC=CC=C1O2  92
N=C2C(C(OCC)=O)=C4N(C(/C(S4)=C\C3=CC=C([N+]([O-])=O)C=C3)=O)C1=CC=CC=C1O2  93
N=C2C(C(OCC)=O)=C4N(C(/C(S4)=C\C3=CC=CC=C3[N+]([O-])=O)=O)C1=CC=CC=C1O2  94
N=C2C(C(OCC)=O)=C4N(C(/C(S4)=C\C3=CC=C(C)C=C3)=O)C1=CC=CC=C1O2  95
N=C2C(C(OCC)=O)=C4N(C(/C(S4)=C\C3=CC=C(Br)O3)=O)C1=CC=CC=C1O2  96
N=C2C(C(OCC)=O)=C3N(C(/C(S3)=C\OCC)=O)C1=CC=CC=C1O2  97
N=C2C(C(OC)=O)=C3N(C(C4=CC=CO4)=CS3)C1=CC=CC=C1O2  98
N=C2C(C(OCC)=O)=C3N(C(C4=CC=CO4)=CS3)C1=CC=CC=C1O2  99
N=C2C(C(OCC)=O)=C3N(C(C(Br)S3)=O)C1=CC=CC=C1O2  100
N=C2C(C(OC)=O)=C3N(C(C(Br)S3)=O)C1=CC=CC=C1O2  101
N=C2C(C(OC)=O)=C3N(C(/C(SC)=C/C(C4=CC=CC=C4)=C(C#N)/C#N)C(Br)S3)C1=CC=CC=C1O2  102
O=C(/C(C#N)=C(S2)/N(C5=CC=C(C)C=C5)C1=C2OC(N(C4=CC=C(C)C=C4)/C(S3)=C(C(OCC)=O)\C#N)=C3O1)OCC  103
N#C\C(C(OCC)=O)=C(S2)/N(C5=CC=CC=C5)C1=C2OC(N(C4=CC=CC=C4)/C(S3)=C(C(OCC)=O)\C#N)=C3O1  104
N#C\C(C(OCC)=O)=C(S2)/N(C5=CC=C(OC)C=C5)C1=C2OC(N(C4=CC=C(OC)C=C4)/C(S3)=C(C(OCC)=O)\C#N)=C3O1  105
N#C\C(C(OCC)=O)=C(S2)/N(CC5=CC=CO5)C1=C2OC(N(CC4=CC=CO4)/C(S3)=C(C(OCC)=O)\C#N)=C3O1  106
O=C(/C(C#N)=C(S2)/N(C5=CC=C(OC)C=C5)C1=C2SC(N(C4=CC=C(OC)C=C4)/C(S3)=C(C(OCC)=O)\C#N)=C3S1)OCC  107
ClC(C=C5)=CC=C5N(/C(S3)=C(C(OCC)=O)\C#N)C1=C3OC(N(C4=CC=C(Cl)C=C4)/C(S2)=C(C#N)/C(OCC)=O)=C2O1  108
O=C(/C(C#N)=C(S2)/NC1=C2OC(N/C(S3)=C(C(OCC)=O)\C#N)=C3O1)OCC  109
O=C(NCC2=CC=CO2)/C(C#N)=C(SN1)/NS/C1=C(C(NCC3=CC=CO3)=O)/C#N  110
O=C(\C(C#N)=C2/NCCN2)NCC1=CC=CO1  111
O=C(\C(C#N)=C1/OC(C2=CC=CO2)=NN1)N/N=C(SCC)/SCC  112
N#C/C(C(OCC)=O)=C1OC(C2=CC=CC=C2)=NN\1  113
ClC(C=C2)=CC=C2C1=NN\C(O1)=C(C(OCC)=O)/C#N  114
O=C(/C(C#N)=C1\OC(C2=CC=CO2)=NN1)OCC  115
N#C/C(C(OC)=O)=C1OC(C2=CC=CO2)=NN\1  116
N=C1C(C(OCC)=O)=C(NCC3=CC=CO3)SC=C(C2=CC=CO2)O1  117
N=C1C(C(OCC)/O)=C(NC2=CC=C(C)C=C2)SC=C(/C(OC)=C)O1  118
O=C1/C(C=NCCO1)=C(NNC(C2=CC=CO2)=O)\S  119
O=C(\C(C#N)=C2/OCCN2)NCC1=CC=CO1  120
O=C(C2=C(N=C(N)CC3=O)N3N=C2SC)NCC1=CC=CO1  121
O=C1CC(N)=NC(N1N=C2SC)=C2C(OC)=O  122
O=C1CC(N)=NC(N1N=C2SC)=C2C#N  123
C/C=C([O])/CNC(C1=C(N=C(N)CC2=O)N2N=C1S)=O  124
O=C1CC(N)=NC(N1N=C2S)=C2C(OC)=O  125
O=C1CC(N)=NC(N1N=C2S)=C2C(OCC)=O  126
O=C1C(C#N)=C(C3=CC=CO3)C=C2N1NC(N)=C2C#N  127
NC1=C2C(N=C(C4=CC=CC=C4)C=C2)=NN1C(C3=CC=CO3)=O  128
NC1=C2C(N=C(C3=CC=CC=C3)C=C2)=NN1C(C4=CC=CC=C4)=O  129
BrC(O5)=CC=C5C1C2=C(N(C(C6=CC=CC=C6)=O)N=C2C3=CC=CO3)NC(C4=CC=CO4)=C1C#N  130
BrC(O5)=CC=C5C1C2=C(N(C(C6=CC=CO6)=O)N=C2C3=CC=CO3)NC(C4=CC=CO4)=C1C#N  131
IC(O5)=CC=C5C1C2=C(N(C(C6=CC=CO6)=O)N=C2C3=CC=CO3)NC(C4=CC=CO4)=C1C#N  132
O=S(C1=CC=C(C)C=C1)(/N=C(N2C(CC(N2)=O)=N)\SC)=O  133
O=S(C1=CC=CC=C1)(/N=C(N2C(CC(N2)=O)=N)\SC)=O  134
O=C1[C@@H](C#N)C(SC)(SC)NN1  135
O=C(C1=C(N)NN=C1SC)N/N=C(SC)/SC  136
O=C(C1=C(N)N(C(C2=CC=CO2)=O)N=C1SC)N/N=C(SC)/SC  137
O=C(/C(CCC2)=C/C=C(C4=CC=CC=C4)/SC(NN3C(C5=CC=CC=C5)=O)=C(C(OCC)=O)C3=N)/C2=C/C1=CC=CO1  138
O=C(C2=C(N)NN=C2SC)NCC1=CC=CO1  139
O=C(C2=C(N)NN=C2SCC)NCC1=CC=CO1  140
O=C(C2=C(N)NN=C2SCC3=CC=CC=C3)NCC1=CC=CO1  141
O=C(/C(CSC)=C\N)NCC1=CC=CO1  142
O=C(C3=C(N)N(N=C3SCC)C2=CC=CC=C2)NCC1=CC=CO1  143
O=C(C3=C(N)N(N=C3SCC4=CC=CC=C4)C2=CC=CC=C2)NCC1=CC=CO1  144
O=C(C2=C(N)N(C3=CC=C([N+]([O-])=O)C=C3)N=C2SC)NCC1=CC=CO1  145
O=C(C2=C(N)N(C3=CC=C([N+]([O-])=O)C=C3)N=C2SCC)NCC1=CC=CO1  146
O=C(C2=C(N)N(C4=CC=C([N+]([O-])=O)C=C4)N=C2SCC3=CC=CC=C3)NCC1=CC=CO1  147
O=C(C2=C(N)NN=C2NNC(C3=CC=CC=C3)=O)NCC1=CC=CO1  148
O=C(C2=C(SC)N(CC3=CC=CO3)N=C2N)NCC1=CC=CO1  149
NC1=C(C(NCC6=CC=CO6)=O)C(SC4=NN(C(N)=C4C(NCC5=CC=CO5)=O)C3=CC=CC=C3)=NN1C2=CC=CC=C2  150
NC1=C(C(NCC5=CC=CO5)=O)C(SC3=NN(C6=CC=C([N+]([O-])=O)C=C6)C(N)=C3C(NCC4=CC=CO4)=O)=NN1C2=CC=C([N+]([O-])=O)C=C2  151
O=C(C3=C(N)N(N=C3S)C2=CC=CC=C2)NCC1=CC=CO1  152
O=C(C2=C(N)N(NC2=S)C(C3=CC=CC=C3)=O)NCC1=CC=CO1  153
O=C(C2=C(N)N(C(C3=CC=CO3)=O)NC2=S)NCC1=CC=CO1  154
NC(NN=C1NCC2=CC=CO2)=C1C(OC)=O  155
NC(NN=C1NCC2=CC=CO2)=C1C(OCC)=O  156
NC(NN=C1NCC(C2=CC=CO2)=O)=C1C(OC)=O  157
NC(NN=C1NCC(C2=CC=CO2)=O)=C1C(OCC)=O  158
S=C1NN(C(C2=CC=CO2)=O)C(N)=C1C(OC)=O  159
S=C1NN(C(C2=CC=CO2)=O)C(N)=C1C(OCC)=O  160
N=C2C(C(OC)=O)=C(NN2C3=CC=CC=C3)SCC(NNC1=CC=CC=C1)=O  161
N=C2C(C(OCC)=O)=C(NN2C3=CC=CC=C3)SCC(NNC1=CC=CC=C1)=O  162
N#CC1=C(NC3=CC=C(C)C=C3)NN=C1C2=CC=CO2  163
O=C(N2C(C(C4=CC=CC=C4)=CS3)C3=C(C(OC)=O)C2=N)C1=CC=CO1  164
O=C(N2C(C(C)=C(C(C)=C)S3)C3=C(C(OCC)=O)C2=N)C1=CC=CO1  165
O=C(N2C(C(CS3)=O)C3=C(C(OC)=O)C2=N)C1=CC=CO1  166
O=C(N2C(C(CS3)=O)C3=C(C(OCC)=O)C2=N)C1=CC=CO1  167
O=C(N2C(C(C(S4)=CCCCCCC3=CC=CC=C3)=O)C4=C(C(OCC)=O)C2=N)C1=CC=CO1  168
O=C(N2C(C(C(S4)=CCCCCCC3=CC=CO3)=O)C4=C(C(OCC)=O)C2=N)C1=CC=CO1  169
O=C(N2C(C(C(OCC)=O)=CS3)C3=C(C(OCC)=O)C2=N)C1=CC=CO1  170
O=C(N2C(C(C(OCC)=O)=CS3)C3=C(C(OCC)=O)C2=N)C1=CC=CO1  171
O=C(N2N(C(C4=CC=CC=C4)=CS3)C3=C(C(OCC)=O)C2=N)C1=CC=CC=C1  172
O=C(N2N(C(C4=CC=CO4)=CS3)C3=C(C(OCC)=O)C2=N)C1=CC=CC=C1  173
O=C(N2N(C(C4=CC=CO4)=CS3)C3=C(C(OC)=O)C2=N)C1=CC=CC=C1  174
O=C(N2N(C(/C(S3)=C\CCC)=O)C3=C(C(OCC)=O)C2=N)C1=CC=CO1  175
O=C(N2N(C(/C(S4)=C\C3=CC=CO3)=O)C4=C(C(OCC)=O)C2=N)C1=CC=CO1  176
O=C(N2N(C(C4=CC=CC=C4)=CS3)C3=C(C(OCC)=O)C2=N)C1=CC=CO1  177
O=C(N2N(C(/C(S4)=C\C3=CC=C(N(C)C)C=C3)=O)C4=C(C(OCC)=O)C2=N)C1=CC=CO1  178
O=C(N2N(C(/C(S4)=C\C3=CC=C(Br)O3)=O)C4=C(C(OCC)=O)C2=N)C1=CC=CO1  179
O=C(N2N(C(C(Br)S3)=O)C3=C(C(OCC)=O)C2=N)C1=CC=C(Cl)C=C1  180
O=C(NCC3=CC=CC=C3)\C(C#N)=C1NC2C(C=CC=C2)O/1  182
O=C(NCC3=CC=CO3)\C(C#N)=C1NC2C(C=CC=C2)O/1  183
O=C(OCC)C(C(N2)=O)=C(NC3=CC=C(OC)C=C3)SC=C2C1=CC=CC=C1  185
NC(N2C3=CC=C(Cl)C=C3)=C(C#N)C(C1=CC=CC=C1)=CS/C2=C(C#N)\C(C(OCC)=O)=O  186
N#C/C(C(OCC)=O)=C(N(C3=CC=CC=C3)/C2=C(C#N)\C(OCC)=O)/SN2C1=CC=CC=C1  187
N#C/C(C(OCC)=O)=C(N(C3=CC=C(OC)C=C3)/C2=C(C#N)\C(OCC)=O)/SN2C1=CC=C(OC)C=C1  188
CC(C=C3)=CC=C3N(/C2=C(C#N)\C(OCC)=O)/C(SN2C1=CC=C(C)C=C1)=C(C(OCC)=O)\C#N  189
COC(/C(C#N)=C(S1)/NC2=C(C(C3=CC=CC=C3)=CS/C(S2)=C(C(OC)=O)\C#N)C1=N)=O  190
COC(/C(C#N)=C(S1)/NC2=C(C(C3=CC=CC=C3)=CS/C(S2)=C(C(OCC)=O)\C#N)C1=N)=O  191
O=C(/C(C#N)=C2\N(C3=CC=CC=C3)C(CS2)=O)NCC1=CC=CO1  192
O=C(/C(C#N)=C2\N(C3=CC=C(OC)C=C3)C(CS2)=O)NCC1=CC=CO1  193
O=C(/C(C#N)=C2\N(CC3=CC=CO3)C(CS2)=O)NCC1=CC=CO1  194
O=C(/C(C#N)=C1\N(C3=CC=CC=C3)C(C(/C(SC)=C(C#N)/C(NCC2=CC=CO2)=O)S1)=O)OCC  195
O=C(NCC2=CC=CO2)\C(C#N)=C(C3C(N(C4=CC=C(OC)C=C4)/C(S3)=C(C(OCC)=O)\C#N)=O)/SCC1=CC=CC=C1  196
O=C(NCC1=CC=CO1)\C(C#N)=C(C2C(N(CC3=CC=CO3)/C(S2)=C(C(OCC)=O)\C#N)=O)/SC  197
N#C\C(C(OCC)=O)=C1SC=C(C(O)=O)N/1C2=CC=C(OC)C=C2  198
N#C\C(C(OCC)=O)=C1SC=CN/1C2=CC=C(OC)C=C2  199
N#C\C(C(OCC)=O)=C1SC=C(/C=C/C3=CC=CC=C3)N/1C2=CC=C(OC)C=C2  200
COC(C=C2)=CC=C2N1C(/C=C/C3=CC=CC=C3)=CS/C1=C(C(OCC)=O)/C#N  201
ClC(C=C2)=CC=C2N1C(/C=C/C3=CC=CC=C3)=CS/C1=C(C(OCC)=O)/C#N  202
N#C/C(C(OCC)=O)=C2/S/C(C(C(OCC)=O)(C#N)N2C3=CC=C(OC)C=C3)=N/C1=CC=C(OC)C=C1  203
C(=C1)(C=CC(N=C2C(C#N)(C(=O)OCC)N(C(=C3)C=CC(Cl)=C3)C(=C(C)C#N)S2)=C1)OC  204
O=C1CS/C(N1C2=CC=CC=C2)=C(C(OCC)=O)/C#N  205
O=C1CS/C(N1C2=CC=CC=C2)=C(C(OCC)=O)/C#N  206
O=C1CS/C(N1C2=CC=C(Cl)C=C2)=C(C(OCC)=O)/C#N  207
O=C1C(C)S/C(N1C2=CC=C(OC)C=C2)=C(C(OCC)=O)/C#N  208
O=C1CS/C(N1C2=CC=C(Cl)C=C2)=C(C(OC)=O)/C#N  209
O=C1C(Br)S/C(N1C2=CC=CC=C2)=C(C(OCC)=O)/C#N  210
O=C1C(Br)S/C(N1C2=CC=C(OC)C=C2)=C(C(OCC)=O)/C#N  211
O=C1C(Br)S/C(N1C2=CC=C(Cl)C=C2)=C(C(OCC)=O)/C#N  212
O=C1C(Br)S/C(N1C2=CC=C(C)C=C2)=C(C(OCC)=O)/C#N  213
O=C1C(NS(C3=CC=C(C)C=C3)(=O)=O)S/C(N1C2=CC=C(C)C=C2)=C(C(OCC)=O)/C#N  214
O=C1C(NS(C3=CC=C(C)C=C3)(=O)=O)S/C(N1C2=CC=C(OC)C=C2)=C(C(OCC)=O)/C#N  215
O=C(N1CC2=CC=CO2)CS/C1=C(C(OCC)=O)/C#N  217
C/C=C(C)/C(N1CC2=CC=CO2)=CS/C1=C(C(OC)=O)/C#N  218
C=C/C=C(C)/C(N1CC2=CC=CO2)=CS/C1=C(C(OCC)=O)/C#N  219
O=C(OCC)\C(C#N)=C1SC=C(C3=CC=CC=C3)N/1C2=CC=CC=C2  220
O=C(OCC)\C(C#N)=C1SC=C(C3=CC=CO3)N/1C2=CC=C(C)C=C2  221
O=C(OCC)\C(C#N)=C1SC=C(C3=CC=CO3)N/1C2=CC=C(OC)C=C2  222
O=C(OCC)\C(C#N)=C1SC=C(C3=CC=CO3)N/1CC2=CC=CO2  223
S1C(N(C(=C2)C=CC=C2)C(=O)C1(Cl)Cl)=C(C(=O)OCC)C#N  224
S1C(N(C(=C2)C=CC(C)=C2)C(=O)C1(Cl)Cl)=C(C(=O)OCC)C#N  225
S1C(N(C(=C2)C=CC(OC)=C2)C(=O)C1(Cl)Cl)=C(C(=O)OCC)C#N  226
S1C(N(C(=C2)C=CC(OC)=C2)C(=N)C1)=C(C(=O)OCC)C#N  227
S1C(N(CC(=C2)OC=C2)C(=N)C1)=C(C(=O)OCC)C#N  228
S1C(N(C(=C2)C=CC=C2)C(=O)C1C(=C(C(N)=O)C#N)SC)=C(C(=O)OCC)C#N  229
O=C(OCC)/C(C#N)=C(SC1/C(SC)=C(C#N)/C(N)=O)\N(C2=CC=C(OC)C=C2)C1=O  230
O=C(OCC)/C(C#N)=C(SC1/C(SC)=N/S(C2=CC=CC=C2)(=O)=O)\N(C3=CC=CC=C3)C1=O  231
O=C(NCC2=CC=CC=C2)/C(C#N)=C(SC1)\N(C3=CC=C(OC)C=C3)C1=O  232
O=C(OCC)/C(C#N)=C(SC1/C(SC)=C/S(C3=CC=CC=C3)(=O)=O)\N(C2=CC=C(OC)C=C2)C1=O  233
O=C(NCC2=CC=CC=C2)/C(C#N)=C(SC1)\N(CC3=CC=CC=C3)C1=O  234
O=C(NCC2=CC=CC=C2)/C(C#N)=C(SC1)\N(C3=CC=CC=C3)C1=O  235
O=C(OCC)/C(C#N)=C(SC1)\N(C2=CC=C(C)C=C2)C1=O  236
O=C(OCC)\C(C#N)=C1SC(N)=C(C#N)C(C2=CC=CO2)=C/1  272
O=C(OCC)\C(C#N)=C1SC(N)=C(C#N)C(C2=CC=C(OC)C=C2)=C/1  273
O=C(OCC)\C(C#N)=C1SC(N)=C(C#N)C(C2=CC=CC=C2)=C/1  274
S=C1SC(N)=C(C#N)C(C2=CC=CO2)=C1  276
S=C1SC(N)=C(C#N)C(C2=CC=CO2)=C1C  277
N=C1C(C#N)=C(C3=CC=CO3)C=C(NC2=CC=CC=C2)S1  282
N=C1C(C#N)=C(C3=CC=CO3)C=C(NC2=CC=C(C)C=C2)S1  283
N=C1C(C#N)=C(C3=CC=C(Cl)C=C3)C=C(NC2=CC=CC=C2)S1  284
O=C1NC(/C(C(OCC)=O)=C(S)\NC2=C(O)C=CC=C2)=NN1  285
N#CC1=NNN=C1C2=CC=CO2  286
O=C1C(C#N)=C(SC)C(C#N)=C2N1N=C(SC)N2  287
O=C1C(C#N)=C(SC)C(C(OC)=O)=C2N1N=C(SC)N2  288
O=C1C(C#N)=C(S)C(C(OC)=O)=C2N1N=C(SC)N2  289
O=C1C(C#N)=C(S)C(C(OCC)=O)=C2N1N=C(SC)N2  290
O=C1C(C#N)=C(S)C(C(CCC3=CC=CO3)=O)=C2N1N=C(SC)N2  291
O=C(C2=C(SCC(OC)=O)SC(C(OC)=O)=C2N)NCC1=CC=CO1  292
O=C(C2=C(SCC(OCC)=O)SC(C(OCC)=O)=C2N)NCC1=CC=CO1  293
O=C(C2=C(SCC(NN)=O)SC(C(OCC)=O)=C2N)NCC1=CC=CO1  294
O=C(C2=C(SCC(NN)=O)SC(C(OC)=O)=C2N)NCC1=CC=CO1  295
NC1=C(C#N)C(C2=CC=CC=C2)=CS1  296
NC1=C(C#N)C(C2=CC=CO2)=CS1  297
NC1=C(C#N)C(C2=CC=CO2)=C(C)S1  298
NC1=C(C#N)C(/C=C/C2=CC=CO2)=CS1  299
NC1=C(/C(C3=CC=CC=C3)=C(C#N)\C#N)SC(NC2=CC=CC=C2)=C1C(OCC)=O  305
O=C(/C(C#N)=C(S2)\S/C2=C(C(NCC3=CC=CO3)=O)/C#N)NCC1=CC=CO1  311
O=C(/C(C#N)=C(S1)\S/C1=C(C(N/N=C(SC)/SC)=O)/C#N)N/N=C(SC)/SC  312
O=C(/C(C#N)=C(S1)\S/C1=C(C(N/N=C(SCC)/SCC)=O)/C#N)N/N=C(SCC)/SCC  313
O=C(/C(C#N)=C(S2)\S/C2=C(C(N/N=C(SCC4=CC=CC=C4)/SCC3=CC=CC=C3)=O)/C#N)N/N=C(SCC5=CC=CC=C5)/SCC1=CC=CC=C1  314
O=C(/C(C#N)=C(S2)\S/C2=C(C(N/N=C(SCC4=CC=CO4)/SCC3=CC=CO3)=O)/C#N)N/N=C(SCC5=CC=CO5)/SCC1=CC=CO1  315
O=C(/C(C#N)=C2\S/C(S2)=C(C(C3=CC=CO3)=O)\C#N)C1=CC=CO1  316
O=C(/C(C#N)=C2\S/C(S2)=C(C(C3=CC=CC=C3)=O)\C#N)C1=CC=CC=C1  317
O=C(/C(C#N)=C2\S/C(S2)=C(C(NCC3=CC=CC=C3)=O)\C#N)NCC1=CC=CC=C1  318
O=C(OCC)/C(C#N)=C1/S/C(S1)=C(C#N)\C(OCC)=O  319
ON(C(C(O)=O)C2)C=C1C2C=CO1  320
CC1C(C(O)=O)NC=C2C1C=CO2  321
BrC(O2)=CC1C2=CNC(C(O)=O)C1  322
NC1=C(C#N)C(C2=CC=CO2)=CC(SC)=C1C#N  323
NC1=C(C#N)C(C2=CC=CC=C2)=CC(SC)=C1C#N  324
NC1=C(C#N)C(C2=CC=C(OC)C=C2)=CC(SC)=C1C#N  325
NC1=C(C#N)C(C2=CC=CO2)=CC(SC)=C1[N+]([O-])=O  326
NC1=C(C#N)C(C2=CC=CC=C2)=CC(SC)=C1[N+]([O-])=O  327
NC1=C(C#N)C(C2=CC=C(OC)C=C2)=CC(SC)=C1[N+]([O-])=O  328
NC1=C(C#N)C(C2=CC=CC=C2)=C(C)C(SC)=C1[N+]([O-])=O  329
C(C1=CC(C(=C2)C=CC=C2)(C)C(C#N)(C#N)C(N)=C1C#N)(=C3)C=CC=C3  330
C(C1=CC(C2=CC=CO2)(C)C(C#N)(C#N)C(N)=C1C#N)(=C3)OC=C3  331
C(C1=CC(S(=O)C)=C(C#N)C(N)=C1C#N)(=C2)C=CC=C2  332
C(C1=CC(S(=O)C)=C(C#N)C(N)=C1C#N)(=C2)C=CC(OC)=C2  333
O=C(\C(C#N)=C(NC2=CC=C(OC)C=C2)/S/C(NC1=CC=CC(OC)=C1)=C(C#N)\C(OCC)=O)OCC  334
O=C(\C(C#N)=C(NC2=CC=CC=C2)/S/C(NC1=CC=CC=C1)=C(C#N)\C(OCC)=O)OCC  335
O=C(/C(C#N)=C(SS/C(SC)=C(C(NCC2=CC=CO2)=O)\C#N)\SC)NCC1=CC=CO1  336
O=C(/C(C#N)=C(SS/C(SCC)=C(C(NCC2=CC=CO2)=O)\C#N)\SCC)NCC1=CC=CO1  337
O=C(/C(C#N)=C(SS/C(OCC)=C(C(NCC2=CC=CO2)=O)\C#N)\OCC)NCC1=CC=CO1  338
S=C1C(C#N)=C(C2=CC=CC=C2)OC(N)=C1C(OC)=O  339
S=C1C(C#N)=C(C2=CC=CC=C2)OC(N)=C1C(OCC)=O  340
S=C1C(C#N)=C(C2=CC=CO2)OC(N)=C1C(N)=O  341
S=C1C(C#N)=C(C2=CC=CO2)OC(N)=C1C(OC)=O  342
S=C1C=C(/C(\OC)=C)OC(N)=C1C(OCC)=O  343
O=C1C=C(SC)C(C#N)=C(C2=CC=CO2)O1  344
CC2(C)CC(C([N+]([O-])=O)C(C3=CC=CC=C3[N+]([O-])=O)O2)C1=CC=CO1  345
CC2(O)CC(C([N+]([O-])=O)C(C3=CC=CC=C3Cl)O2)C1=CC=CO1  346
CC2(O)CC(C([N+]([O-])=O)C(C3=CC=CC=C3Cl)O2)C1=CC=CC=C1  347
CC2(O)CC(C([N+]([O-])=O)C(C3=CC=CC=C3[N+]([O-])=O)O2)C1=CC=CC=C1  348
O=C(C2=C(N)OC(NCC4=CC=CO4)=C(C#N)C2C(C#N)C(NCC3=CC=CO3)=O)C1=CC=CO1  349
O/C(C1=CC=CC=C1)=C(C(NC2=CC=C(OC)C=C2)=S)/C#N  351
O/C(C1=CC=CC=C1)=C(C(NC2=CC=C(C)C=C2)=S)/C#N  352
O/C(C1=CC=CC=C1)=C(C(NC2=CC=CO2)=S)/C#N  353
O/C(C1=CC=C(OC)C=C1)=C(C(NC2=CC=CO2)=S)/C#N  354
O/C(C1=CC=C(C)C=C1)=C(C(NC2=CC=CO2)=S)/C#N  355
O/C(C1=CC=CO1)=C(C(NC2=CC=CO2)=S)/C#N  356
C(C4C3(C2CCCC(=CC(=C1)OC=C1)C2=C(C#N)C(=N)C3(C#N)C#N)CCCC4)(=C5)OC=C5  358
C(C4C3(C2CCCC(=CC(=C1)OC(Br)=C1)C2=C(C#N)C(=N)C3(C#N)C#N)CCCC4)(=C5)OC(Br)=C5  359
O=C(/C(C#N)=N/O)C1=CC=CC1  360
O/N=C(C#N)/C(C1=CC=CC=C1)=O  361
O=C(/C(C#N)=N/OC(C2=CC=CC=C2)=O)C1=CC=CO1  362
O=C(/C(C#N)=N/OC(C)=O)C1=CC=CO1  363
O=C(/C(C#N)=N/OC(CCl)=O)C1=CC=CO1  364
N#C/C(C#N)=C(SC)/C/C(C1=CC=CO1)=C(C#N)/C#N  365
N#C/C(C#N)=C(C/C(SC)=C(C#N)/C(OCC)=O)/C1=CC=CO1  366
Cl/C(C2=CC=CC=C2)=C/C=C/C(C1=CC=CO1)=C(C#N)/C#N  370
Cl/C(C2=CC=C(Cl)C=C2)=C/C=C/C(C1=CC=CO1)=C(C#N)/C#N  371
Cl/C(C2=CC=C(C)C=C2)=C/C=C/C(C1=CC=CO1)=C(C#N)/C#N  372
N#C\C(C#N)=C(/C=C/C=C(C3=CC=CC=C3)/NCC2=CC=CO2)/C1=CC=CO1  373
O=C(/C(CCC4)=C/C3=CC=CO3)/C4=C/C=C(C2=CC=CC=C2)/C/C(C1=CC=CO1)=C(C#N)/C#N  374
CO/C(/C=C(CCC1)/C(C1/C(SC)=C(C(OCC)=O)/C#N)=C(C#N)/C#N)=C  375
O=C1C(/C(SC)=C(C#N)\C#N)S/C(N1C2=CC=C(OC)C=C2)=C(C(OCC)=O)/C#N  376
O=C1C(/C(SC)=C(C(OC)=O)\C#N)S/C(N1C2=CC=C(OC)C=C2)=C(C(OCC)=O)/C#N  377
O=C(OCC)/C(C#N)=C(SC(/C(SC)=N/S(=O)(C3=CC=C(C)C=C3)=O)C2=O)/N2C1=CC=C(OC)C=C1  378
O=C(OCC)/C(C#N)=C(SC1/C(SC)=C(C#N)\C#N)/N(CC2=CC=CO2)C1=O  379
O=C1C(/C(SC)=N/S(=O)(C3=CC=CC=C3)=O)S/C(N1C2=CC=CC=C2)=C(C(OCC)=O)/C#N  380
O=C1C(/C(SC)=N/S(=O)(C3=CC=CC=C3)=O)S/C(N1C2=CC=C(OC)C=C2)=C(C(OCC)=O)/C#N  381
O=C1C(/C(SC)=C(C#N)\C#N)S/C(N1C2=CC=C(C)C=C2)=C(C(OCC)=O)/C#N  382
C/C(/C(C1=CC=CO1)=C(C#N)/C#N)=C(SC)\SC  383
N#C\C(C#N)=C(/C=C(SC)/SC)/C1=CC=CO1  384
C/C(/C(CCC1=CC=C(OC)C=C1)=C(SC)/SC)=C(C#N)/C#N  385
COC1=CC=C(CC/C(/C=C(C#N)\C#N)=C(SC)\SC)C=C1  386
CS/C(SC)=C(CCC2)/C(/C2=C/C1=CC=CO1)=C(C#N)/C#N  387
BrC1=CC=C(/C=C2/C(/C(CCC2)=C(SC)/SC)=C(C#N)\C#N)O1  388
NC1=C(C#N)C(C2=CC=CO2)=C3C(/C(CCC3)=C(SC)/SC)=C1C#N  389
N#C/C(C#N)=C(/C(CCC2)=C(SCC)/SCC)/C2=C/C1=CC=CO1  390
O=C(N/N=C(SCC2=CC=CO2)/SCC1=CC=CO1)CC#N  391
O=C(N/N=C(SCC2=CC=CC=C2)/SCC1=CC=CC=C1)CC#N  392
O=C(N/N=C(SC)/SC)CC#N  393
O=C(N/N=C(SCC)/SCC)CC#N  394
C/C(C)=N/NC(C(C#N)/C(SC)=C(C1=CC=CC=C1)\C=C(C#N)\C#N)=O  395
C/C(C)=N/NC(C(C#N)/C(SC)=C(C1=CC=C(OC)C=C1)\C=C(C#N)\C#N)=O  396
C/C(C)=N/NC(C(C#N)/C(SC)=C(C1=CC=C(Cl)C=C1)\C=C(C#N)\C#N)=O  397
C/C(C)=N/NC(/C(C#N)=C(SC)\NS(C1=CC=C(C)C=C1)(=O)=O)=O  398
O=C(N/N=C(N(C)C)/SCC)CC#N  399
C/C(C)=N/NC(/C(C#N)=C(SC)\NS(C1=CC=C(Cl)C=C1)(=O)=O)=O  400
C/C(C)=N/NC(/C(C#N)=C(SC)\NS(C1=CC=CC=C1)(=O)=O)=O  401
O=C(N/N=C(NN)/SC)CC#N  402
O=C(N/N=C(NN)/SCC1=CC=CC=C1)CC#N  403
O=C(N/N=C(NNC(C1=CC=CO1)=O)/SC)CC#N  404
O=C(C(Br)(Br)C#N)N\N=C(SC)/SC  405
O=C(C(S/C(NCC1=CC=CC=C1)=C(C(OCC)=O)\C#N)(C#N)Br)NN=C(SC)SC  406
O=C(/C(C#N)=C(C/C(C1=CC=CO1)=C(C#N)\C#N)\SCC)N/N=C(SCC)/SCC  407
O=C(C(Br)(S/C(N(C)C)=C(C(OCC)=O)\C#N)C#N)N/N=C(SC)/SC  412
O=S(C1=CC=CC=C1)(/N=C(NC3=CC=CO3)\NC2=CC=CO2)=O  413
O=S(C1=CC=C(C)C=C1)(/N=C(NC3=CC=CO3)\NC2=CC=CO2)=O  414
O=S(C1=CC=CC=C1)(/N=C(SC)\NNC(C2=CC=CO2)=O)=O  415
O=S(C1=CC=C(C)C=C1)(/N=C(SC)\SC)=O  416
O=S(C1=CC=CC=C1)(/N=C(SC)\SC)=O  417
O=C(CC#N)N\N=C1SCCS/1  418
CCCCS/C(SCCCC)=N/NC(CC#N)=O  419
O=C(/C(C#N)=C(NCC1=CC=CO1)/SC)N/N=C(SC)/SC  420
O=C(/C(C#N)=C(N)/SC)NCC1=CC=CO1  421
O=C(/C(C#N)=C(NC)/SC)NCC1=CC=CO1  422
O=C(/C(C#N)=C(NCC)/SC)NCC1=CC=CO1  423
O=C(/C(C#N)=C(NCCC)/SC)NCC1=CC=CO1  424
O=C(/C(C#N)=C(NCCCC)/SC)NCC1=CC=CO1  425
O=C(/C(C#N)=C(NCC2=CC=CO2)/SC)NCC1=CC=CO1  426
O=C(/C(C#N)=C(NC)/SCC)NCC1=CC=CO1  427
O=C(/C(C#N)=C(NC2=CC=C(OC)C=C2)/SCC)NCC1=CC=CO1  428
O=C(/C(C#N)=C(NCC)/SCC)NCC1=CC=CO1  429
O=C(/C(C#N)=C(NCC2=CC=CC=C2)/SC)NCC1=CC=CO1  432
O=C(/C(C#N)=C(NCC2=CC=CC=C2)/SCC)NCC1=CC=CO1  433
O=C(/C(C#N)=C(NC2=CC=CC=C2)/SCC)NCC1=CC=CO1  434
O=C(/C(C#N)=C(NNC(C2=CC=CC=C2)=O)/SC)NCC1=CC=CO1  435
O=C(/C(C#N)=C(N[N-]C(C2=CC=CC=C2)=O)/SBr)NCC1=CC=CO1  436
O=C(/C(C#N)=C(N[N-]C(C2=CC=C(OC)C=C2)=O)/SBr)NCC1=CC=CO1  437
O=C(/C(C#N)=C(NC1=CC=CO1)/S)OC  439
O=C(/C(C#N)=C(NC1=CC=CO1)/S)OCC  440
O=C(/C(C#N)=C(NS(=O)(C2=CC=CC=C2)=O)\SC)C1=CC=CO1  441
O=C(/C(C#N)=C(NS(=O)(C3=CC=CC=C3)=O)\SCC2=CC=CC=C2)C1=CC=CO1  442
O=C(/C(C#N)=C(SC)/N2CCOCC2)NCC1=CC=CC=C1  443
O=C(/C(C#N)=C(SC)/NCC2=CC=CC=C2)NCC1=CC=CC=C1  444
O=C(/C(C#N)=C(SBr)/NC1=CC=C(OC)C=C1)OCC  445
O=C(/C(C#N)=C(SBr)/NC1=CC=C(Cl)C=C1)OCC  446
O=C(/C(C#N)=C(SC)/SC)N/N=C(SC)/SC  447
O=C(/C(C#N)=C(SCC)/SCC)N/N=C(SC)/SC  448
O=C(/C(C#N)=C(SCC)/SCC)N/N=C(SCC)/SCC  449
O=C(/C(C#N)=C(SCC3=CC=CC=C3)/SCC2=CC=CC=C2)NCC1=CC=CC=C1  450
O=C(/C(C#N)=C(SCC2=CC=CC=C2)/SCC1=CC=CC=C1)N\N=C(SC)/SC  451
O=C(/C(C#N)=C(SCC2=CC=CO2)/SCC1=CC=CO1)N\N=C(SC)/SC  452
O=C(/C(C#N)=C(SC)/SC)NCC1=CC=CO1  453
O=C(/C(C#N)=C(SCC3=CC=CC=C3)/SCC2=CC=CC=C2)NCC1=CC=CO1  454
O=C(/C(C#N)=C(SCC)/SCC)NCC1=CC=CO1  455
O=C(/C(C#N)=C(SCC3=CC=CO3)/SCC2=CC=CO2)NCC1=CC=CO1  456
O=C(/C(C#N)=C2\SCCS2)NCC1=CC=CO1  457
O=C(/C(C#N)=C(SCC(OC)=O)/SCC(OC)=O)NCC1=CC=CO1  458
O=C(N(/C(S2)=C(C(OCC)=O)\C#N)CC1=CC=CO1)/C2=C(SC)\SC  459
O=C(/C(C#N)=C1\S/C(C(N1C2=CC=CC=C2)=O)=C(SC)\SC)OCC  460
O=C(/C(C#N)=C1\S/C(C(N1C2=CC=C(C)C=C2)=O)=C(SC)\SC)OCC  461
O=C(/C(C#N)=C1\S/C(C(N1C2=CC=C(OC)C=C2)=O)=C(SC)\SC)OCC  462
C/C(C)=N/NC(/C(C#N)=C1\SCCS1)=O  463
C/C(C)=N/NC(/C(C#N)=C(SC)\SC)=O  464
O=C(/C(C#N)=C(SC)/SC)NCC1=CC=CC=C1  465
O=C(/C(C#N)=C2\SCCS2)NCC1=CC=CC=C1  466
CC(/C=C(C(OCC)=O)\C#N)/C(C1=CC=CO1)=C(C#N)/C#N  467
Cl\C(/C=C/C(C2=CC=CC=C2)=C(C#N)\C#N)=C/C(C1=CC=CC=C1)=C(C#N)/C#N  468
COC(/C(C#N)=C(C(C(C1=CC=CO1)=O)C(OCC)=O)\SC)=O  469
O=C(N)/C(C#N)=C(C(C(C1=CC=CO1)=O)C(OCC)=O)\SC  470
O=C(OC)/C(C#N)=C(C(C(C1=CC=CO1)=O)C(OC)=O)\SC  471
O=C(OCC)/C(C#N)=C(C(C(C1=CC=CO1)=O)C(OC)=O)\SC  472
O=C(OCC)/C(C#N)=C(C(C(C1=CC=CO1)=O)C(OCC)=O)\SC  473
O=[N+](/C=C/C1=CC=CO1)[O-]  475
C\C([N+]([O-])=O)=C/C1=CC=CO1  476
BrC1=CC=C(/C=C(Br)/[N+]([O-])=O)O1  477
BrC1=CC=C(/C=C/[N+]([O-])=O)O1  478
BrC1=CC=C(/C=C(C)/[N+]([O-])=O)O1  479
IC1=CC=C(/C=C/[N+]([O-])=O)O1  480
Br\C([N+]([O-])=O)=C/C1=CC=CO1  481
IC1=CC=C(/C=C(C)/[N+]([O-])=O)O1  482
Cl/C(C2=CC=CC=C2)=C\C=N\NC1=CC=CC=C1  483
Cl/C(C2=CC=CC=C2)=C\C=N\NC1=CC=C([N+]([O-])=O)C=C1  484
Cl/C(C2=CC=CC=C2)=C\C=N\NC1=CC=C(C)C=C1  485
Cl/C(C2=CC=CC=C2)=C\C=N\NC1=CC=C(Br)C=C1  386
Cl/C(C2=CC=CC=C2)=C\C=N\NC1=CC=C(Cl)C=C1  487
Cl/C(C2=CC=CC=C2)=C\C=N\NC1=C([N+]([O-])=O)C=C([N+]([O-])=O)C=C1  488
O=C(CC#N)N/N=C/C1=CC=CO1  489
O=C(CC#N)N/N=C(C)/C1=CC=CO1  490
O=C(CC#N)N/N=C/C=C/C1=CC=CO1  491
O=C(CC#N)N/N=C(C)/C=C/C1=CC=CO1  492
C/C(C)=N/NC(CC#N)=O  496
O=C(CC#N)N/N=C(C)/C1=CC=CC=C1  498
O=C(C[N+]([O-])=O)N/N=C/C1=C([N+]([O-])=O)C=CC=C1  500
O=C(CC#N)N/N=C/C1=CC([N+]([O-])=O)=CC=C1  501
C/C(/C=C/C1=CC=CC=C1)=N\NC(CC#N)=O  502
O=C(CC#N)N/N=C/C1=CC=C([N+]([O-])=O)C=C1  503
O=C(CC#N)N/N=C/C=C/C1=CC=CC=C1  504
O=C(CC#N)N/N=C/C1=CC=C(N(C)C)C=C1  505
C1(/C=N/N=C/C2=CC=CO2)=CC=CO1  506
O=C(CC#N)N/N=C/C1=CC=CC=C1  507
O=C(CC#N)N/N=C(C2=CC=CC=C2)/C1=CC=CC=C1  508
C/C=N/NC(CC#N)=O  509
O=C(/C(C#N)=C2\CC=CO2)NCC1=CC=CO1  510
O=C(/C(C#N)=C2\CC([N+]([O-])=O)=CO2)NCC1=CC=CO1  511
O=C(/C(C#N)=C2\CC(Br)=CO2)NCC1=CC=CO1  512
O=C(/C(C#N)=C/C2=C([N+]([O-])=O)C=CC=C2)NCC1=CC=CO1  513
O=C(/C(C#N)=C/C2=CC=C(N(C)C)C=C2)NCC1=CC=CO1  514
[H]N(C(/C(C#N)=C/C2=CC=CC=C2)=O)CC1=CC=CO1  515
[H]N(C(/C(C#N)=C/C2=CC=C(OC)C=C2)=O)CC1=CC=CO1  516
[H]N(C(/C(C#N)=C3\S/C(C(N3C4=CC=CC=C4)=O)=C/C2=CC=CC=C2)=O)CC1=CC=CO1  517
[H]N(C(/C(C#N)=C3\S/C(C(N3C4=CC=CC=C4)=O)=C/C2=CC=C([N+]([O-])=O)O2)=O)CC1=CC=CO1  518
[H]N(C(/C(C#N)=C3\S/C(C(N3C4=CC=CC=C4)=O)=C/C2=CC=CO2)=O)CC1=CC=CO1  519
O=C(/C(C#N)=C2\S/C(C(N2C3=CC=C(OC)C=C3)=O)=C/C1=CC=CC=C1)OCC  520
O=C(/C(C#N)=C2\S/C(C(N2C3=CC=CC=C3)=O)=C/C1=CC=CO1)OCC  521
O=C(/C(C#N)=C2\S/C(C(N2C3=CC=C(Cl)C=C3)=O)=C/C1=CC=CO1)OCC  522
O=C(/C(C#N)=C2\S/C(C(N2CC3=CC=CO3)=O)=C/C1=CC=C(Br)O1)OCC  523
O=C(/C(C#N)=C2\S/C(C(N2C3=CC=C(OC)C=C3)=O)=C/C=C/C1=CC=CC=C1)OCC  524
O=C(/C(C#N)=C/C1=CC=CO1)N\N=C(C)/C  525
O=C(/C(C#N)=C/C2=CC=CO2)C1=CC=CO1  526
O=C(/C(C#N)=C/C2=CC=C(Br)O2)C1=CC=CO1  527
O=C(/C(C#N)=C/C=C/C(\OC)=C)C1=CC=CO1  528
O=C(NCC2=CC=CC=C2)/C(C#N)=C/C=C/C1OCCC1  529
N=C2C(C(OCC)=O)C4N(C(/C(S4)=C\C3=CC=C(Br)O3)=O)C1=CC=CC=C1N2  530
N=C2C(C(OCC)=O)C4N(C(/C(S4)=C\C3=CC=C(OC)C=C3)=O)C1=CC=CC=C1N2  531
O=C(/C(C#N)=C2\S/C(C(N2C3=CC=C(OC)C=C3)=O)=C/C1=CC=CS1)OCC  532
O=C(/C(C#N)=C1\S/C(C(N1C2=CC=C(OC)C=C2)=O)=C/C(Cl)(Cl)Cl)OCC  533
O=C(/C(C#N)=C2\S/C(C(N2C3=CC=C(OC)C=C3)=O)=C/C1=C([N+]([O-])=O)C=CC=C1)OCC  534
O=C(/C(C#N)=C1\S[C@@]([C@@](Br)([H])C3=CC=C(N(C)C)C=C3)(Br)C(N1C2=CC=C(OC)C=C2)=O)OCC  535
O=C(/C(C#N)=C1\S[C@@]([C@@](Br)([H])C3=CC=C(Br)O3)(Br)C(N1C2=CC=C(OC)C=C2)=O)OCC  536
O=C(/C(C#N)=C1\S[C@@]([C@@](Br)([H])[C@@]([H])(Br)[C@@](Br)([H])C3=CC=CC=C3)(Br)C(N1C2=CC=C(OC)C=C2)=O)OCC  537
O=C(/C(C#N)=C1\S[C@@]([C@@](Br)([H])C3=C([N+]([O-])=O)C=CC=C3)(Br)C(N1C2=CC=C(OC)C=C2)=O)OCC  538
N#C/C(C#N)=C/C1=CC=CO1  539
N#C/C(C#N)=C/C1=CC=CC=C1  540
O=C(OC)/C(C#N)=C/C1=CC=CO1  541
O=C(OCC)/C(C#N)=C/C1=CC=CO1  542
O=C(OCC)/C(C#N)=C/C1=CC=CC=C1  543
O=C(OC)/C(C#N)=C/C1=CC=CC=C1  544
O=C(/C(C#N)=C2\S/C(C(N2C3=CC=C(C)C=C3)=O)=C/C1=CC=C(N(C)C)C=C1)OCC  545
O=C(/C(C#N)=C2\S/C(C(N2C3=CC=C(OC)C=C3)=O)=C/C1=CC=C(N(C)C)C=C1)OCC  546
O=C(/C(C#N)=C2\S/C(C(N2CC3=CC=CO3)=O)=C/C1=CC=C(N(C)C)C=C1)OCC  547
O=C(/C(C#N)=C2\S/C(C(N2C3=CC=CC=C3OC)=O)=C/C=C/C1=CC=CC=C1)OCC  548
O=C(/C(C#N)=C1\SCC(N1C2=CC=C(OC)C=C2)=N)OCC  549
O=C(/C(C#N)=C1\SCC(N1CC2=CC=CO2)=N)OCC  550
O=C(/C(C#N)=C2\S/C(C(N2C3=CC=C(Cl)C=C3)=N)=C/C1=CC=C(N(C)C)C=C1)OCC  551
O=C(/C(C#N)=C2\S/C(C(N2CC3=CC=CC=C3)=O)=C/C1=CC=CO1)OCC  552
O=C(/C(C#N)=C2\S/C(C(N2CC3=CC=CO3)=O)=C/C1=CC=CO1)OCC  553
O=C(/C(C#N)=C2\S/C(C(N2CC3=CC=CO3)=O)=C/C1=CC=CO1)OCC  554
O=C(/C(C#N)=C2\S/C(C(N2C3=CC=C(N(C)C)C=C3)=O)=C/C1=CC=CO1)OCC  555
O=C(/C(C#N)=C2/S/C(C(N2C3=C(C)C=CC=C3)=O)=C/C1=CC=CO1)OCC  556
O=C(/C(C#N)=C2/S/C(C(N2C3=C(OC)C=CC=C3)=O)=C/C1=CC=CO1)OCC  557
O=C(OC)/C(C#N)=C/C=C/C1=CC=CO1  558
O=C(/C(C#N)=C/C(\OC[Hg]Cl)=C)C1=CC=CO1  559
O=C(CCC2)/C2=C/C1=CC=CO1  560
O=C(/C(C#N)=C/C2=CC=C(I)O2)C1=CC=CO1  561
O=C(OC)/C(C#N)=C/C1=CC=CC=C1  562
O=C(OCC)/C(C#N)=C/C1=CC=CC=C1  563
BrC1=CC=C(/C=C2/C(CCCC2)=O)O1  564
BrC1=CC=C(/C=C3/C(/C(CCC3)=C/C2=CC=C(Br)O2)=O)O1  565
O=C(/C(CCC2)=C/C=C(/C(C)=C/C=C)\Cl)/C2=C/C1=CC=CO1  566
O=C(/C(CCC2)=C/C=C(C3=CC=C(Cl)C=C3)\Cl)/C2=C/C1=CC=CO1  567
O=C(/C(CCC2)=C/C=C(C3=CC=C(C)C=C3)\Cl)/C2=C/C1=CC=CO1  568
O=C1CCCC/C1=C\C=C(C2=CC=CC=C2)/Cl  569
Br[C@@]([C@@](C(CBr)=O)(Br)Br)([H])C1=CC=CC=C1  571
[H]/C(C1=CC=CC=C1)=C(C([C@](Br)([H])Br)=O)/Br  572
[H][C@@]([C@@](C([C@](Br)([H])Br)=O)([H])Br)(Br)C1=CC=CC=C1  573
O=C(C2=CC=CC=C2)/C=C/C1=CC=CC=C1  574
O=C(C2=CC=CC=C2)CC(C#N)C1=CC=CC=C1  575
Br[C@@]([C@@](C(CBr)=O)([H])Br)([H])C1=CC=CC=C1  577
Br[C@@]([C@@](C([C@](Br)([H])[C@](C2=CC=CC=C2)([H])Br)=O)([H])Br)([H])C1=CC=CC=C1  578
CC(/C=C/C1=CC=CO1)=O  579
CC([C@@](Br)([H])[C@](Br)([H])C1=CC=CC=C1)=O  580
CC(/C=C/C1=CC=CC=C1)=O  581
O=C(/C=C/C2=CC=CC=C2)/C=C/C1=CC=CC=C1  582
O=C([C@](Br)([H])[C@@](Br)([H])C2=CC=CC=C2)[C@@](Br)([H])[C@](Br)([H])C1=CC=CC=C1  583
O=C(/C=C/C2=CC=CC=C2)[C@@](Br)([H])[C@](Br)([H])C1=CC=CC=C1  584
O=C(/C=C/C2=CC=CO2)/C=C/C1=CC=CO1  585
O=C(/C=C/C2=CC=CC=C2)[C@@](Cl)([H])[C@](Cl)([H])C1=CC=CC=C1  586
O=C([C@](Br)([H])C(N)=O)C1=CC=CO1  589
O=C([C@](Br)(Br)C(N)=O)C1=CC=CO1  590
O=C(C2)CC(C3=CC=CO3)C([N+]([O-])=O)C2C1=CC=CO1  591
Br\C(C(C)=O)=C/C1=CC=CC=C1  592
Cl[C@@]([C@@]([H])(Cl)C1=CC=CC=C1)([H])C(CCl)=O  593
C/C(C1=CC=CO1)=C(C#N)/C#N  594
CC/C(C1=CC=CO1)=C(C#N)/C#N  595
C/C(C1=CC=CO1)=C(C(OCC)=O)/C#N  596
C/C(/C=C/C1=CC=CO1)=C(C#N)/C#N  597
C/C(/C=C/C1=CC=CO1)=C(C(OCC)=O)/C#N  598
C/C(C1=CC=C(Br)O1)=C(C#N)/C#N  599
C/C(C1=CC=C(Br)O1)=C(C(OCC)=O)/C#N  600
N#C/C(C#N)=C(CSC#N)/C1=CC=CC=C1  601
N#C\C(C#N)=C2/C(CCCC2)=C/C1CCCO1  602
BrC(O2)CCC2/C=C1CCCC/C/1=C(C#N)/C#N  603
BrC1=CC=C(/C(Br)=C2/C([C@@](Br)([H])CCC2)=C(C#N)\C#N)O1  604
O=C(CC#N)NCC1=CC=CO1  606
O=C([N+]([O-])=O)CNCC1=CC=CC=C1  607
O=C([N+]([O-])=O)CNCC1=CC=CO1  608
NNCC([N+]([O-])=O)=O  609
CC(CC(C1=CC=CO1)C[N+]([O-])=O)=O  610
CC(CC(C1=CC=CC=C1)C[N+]([O-])=O)=O  611
CC(CC(C1=CC=CO1)C(CC)[N+]([O-])=O)=O  612
O=C(CC#N)NCC1=CC=CC=C1  614
NNC(CC#N)=O  615
O=C(CC#N)C1=CC=CO1  616
CCC(C(C2=CC=CC=C2)CC(C1=CC=CC=C1)=O)[N+]([O-])=O  617
O=C(C1=CC=CC=C1)CC(C2=CC=CC=C2)C[N+]([O-])=O  618
O=[N+](C(C(C3=CC=CO3)C/C(C2)=C(C#N)/C#N)C2C1=CC=CO1)[O-]  619
N#C/C(C#N)=C(/C=C(C/C(C2=CC=CC=C2)=C(C#N)\C#N)\SC)/C1=CC=CC=C1  620
ClC(C=C2)=CC=C2/C(C/C(SC)=C/C(C1=CC=CC=C1)=C(C#N)/C#N)=C(C#N)/C#N  621
CC1=CC=C(/C(/C=C(C/C(C2=CC=CC=C2)=C(C#N)\C#N)\SC)=C(C#N)\C#N)C=C1  622
BrC1=CC=C(/C=C/C(C)=C(C#N)\C#N)O1  623
BrC1=CC=C(/C=C/C(C)=C(C(OCC)=O)\C#N)O1  624
C/C(/C=C/C1=CC=CC=C1)=C(C#N)/C#N  625
C/C(/C=C/C1=CC=CC=C1)=C(C(OCC)=O)/C#N  626
C/C(/C=C/C1=CC=C(OC)C=C1)=C(C#N)/C#N  627
C/C(/C=C/C1=CC=C(OC)C=C1)=C(C(OCC)=O)/C#N  628
O=[N+](CC(C[N+]([O-])=O)C1=CC=CO1)[O-]  629
CCOC(/C(C#N)=C(NC1=C(C(C)=O)C=CC=C1)/S)=O  645
CCOC(/C(C#N)=C(NC1=CC=C(OC)C=C1)/S)=O  646
CCOC(/C(C#N)=C(NC1=C(C)C=CC=C1)/S)=O  647
CCOC(/C(C#N)=C(NC1=CC=C(C)C=C1)/S)=O  648
CCOC(/C(C#N)=C(NC1=C(C)C=CC=C1C)/S)=O  649
CCOC(/C(C#N)=C(NC1=CC=C(C)C=C1)/S)=O  650
CCOC(/C(C#N)=C(NC1=CC=CC=C1)/S)=O  651
CCOC(/C(C#N)=C(NCC1=CC=CO1)/S)=O  652
CCOC(/C(C#N)=C(NC1=CC=C(Cl)C=C1)/S)=O  653
CCOC(/C(C#N)=C(NC1=C(Cl)C=CC=C1)/S)=O  654
CCOC(/C(C#N)=C(NC1=CC(Cl)=CC=C1)/S)=O  655
CCOC(/C(C#N)=C(NC1=CC=C(C(O)=O)C=C1)/S)=O  656
CCOC(/C(C#N)=C(NC1=CC=C(N(C)C)C=C1)/S)=O  657
CCOC(/C(C#N)=C(NCC1=CC=CC=C1)/S)=O  658
CCOC(/C(C#N)=C(NC1=CC=CC=C1)/SCC(OCC)=O)=O  659
CCOC(/C(C#N)=C(NC1=CC=C(Cl)C=C1)/SCC(OCC)=O)=O  660
CCOC(/C(C#N)=C(NC1=CC=C(OC)C=C1)/SCC(OCC)=O)=O  661
CCOC(/C(C#N)=C(NC1=CC=C(Br)C=C1)/SCC(OCC)=O)=O  662
CCOC(/C(C#N)=C(NC1=C(OC)C=CC=C1)/SCC(OCC)=O)=O  663
CCOC(/C(C#N)=C(NC1=CC(Cl)=CC=C1)/SCC(OCC)=O)=O  664
CCOC(/C(C#N)=C(NC1=C(Cl)C=CC=C1)/SCC(OCC)=O)=O  665
CCOC(/C(C#N)=C(NC1=CC=C(C)C=C1)/SCC(OCC)=O)=O  666
CCOC(/C(C#N)=C(NC1=C(C)C=CC=C1)/SCC(OCC)=O)=O  667
CCOC(/C(C#N)=C(NC1=C(OC)C=CC=C1)/SCC(OCC)=O)=O  668
CCOC(/C(C#N)=C(NCC1=CC=CC=C1)/SCC(OCC)=O)=O  669
CCOC(/C(C#N)=C(NC1=CC=C(N(C)C)C=C1)/SCC(OCC)=O)=O  670
CCOC(/C(C#N)=C(NC1=CC=C(C(O)=O)C=C1)/SCC(OCC)=O)=O  671
CCOC(/C(C#N)=C(NCC1=CC=CO1)/SCC(OCC)=O)=O  672
O=C(N/N=C1/[SH-][Hg][SH-]1)CC#N  681
O=C(/C(C#N)=C2/[SH-][Hg][SH-]2)NCC1=CC=CO1  682
Cl/C(C1=CC=CC=C1)=C\C=C(C#N)/C#N  684
OC(C2)(C)C(C(/C=C/C4=CC=CC=C4)=O)C(C3=CC=CC=C3)C([N+]([O-])=O)C2C1=CC=CC=C1  QAC-60a(20c)
OC(C2)(C)C(C(/C=C/C4=CC=CC=C4)=O)C(C3=CC=CC=C3)C([N+]([O-])=O)C2C1=CC=C(OC)C=C1  QAC-60b(20f)
OC(C2)(C)C(C(/C=C/C4=CC=CO4)=O)C(C3=CC=CC=C3)C([N+]([O-])=O)C2C1=CC=C(OC)C=C1  QAC-60b1(20e)
OC(C2)(C)C(C(/C=C/C4=CC=CO4)=O)C(C3=CC=CC=C3)C([N+]([O-])=O)C2C1=CC=CC=C1  QAC-60f(20d)
OC(C2)(C)C(C(/C=C/C4=CC=CO4)=O)C(C3=CC=CC=C3)C([N+]([O-])=O)C2C1=CC=CO1  QAC-60g(20b)
OC(C2)(C)C(C(/C=C/C4=CC=CC=C4)=O)C(C3=CC=CC=C3)C([N+]([O-])=O)C2C1=CC=CO1  QAC-60h(20a)
O=C(C2)CC(C3=CC=CO3)C([N+]([O-])=O)C2C1=CC=CO1  QAC-37(4a)
O=C(C2)CC(C3=CC=CC=C3)C(C)([N+]([O-])=O)C2C1=CC=CC=C1  QAC-50b(4c)
O=C(C2)CC(C3=CC=CO3)C(C)([N+]([O-])=O)C2C1=CC=CO1  QAC-50(4b)
N#C/C(C#N)=C(C2)/CC(C3=CC=CO3)C([N+]([O-])=O)C2C1=CC=CO1  QAC-45(26a)
CC(C(C3=CC=CO3)C/C(C2)=C(C#N)/C#N)([N+]([O-])=O)C2C1=CC=CO1  QAC-51(26b)
CC(C(C3=CC=CC=C3)C/C(C2)=C(C#N)/C#N)([N+]([O-])=O)C2C1=CC=CC=C1  QAC-51b
BrC1=CC=C(/C(C[N+]([O-])=O)=N/N2CC(CN3CCOCC3)OC2=O)O1  ACC-9
BrC1=CC=C(/C(C[N+]([O-])=O)=N/NC(C2=CC=NC=C2)=O)O1  ACC-10
BrC1=CC=C(/C(C[N+]([O-])=O)=N/N2CCOC2=O)O1  ACC-12
BrC1=CC=C(/C(C[N+]([O-])=O)=N/N=N/C(C2=NC(/C=C/CN)=CS2)=O)O1  ACC-20
BrC1=CC=C(/C(C[N+]([O-])=O)=N/N2CC(CSC)OC2=O)O1  ACC-21
BrC1=CC=C(/C(C[N+]([O-])=O)=N/N2CCN(CCO)C2=O)O1  ACC-22
BrC1=CC=C(/C(C[N+]([O-])=O)=N/N2CC(N(CN3CCOCC3)C2=O)=O)O1  ACC-24
BrC1=CC=C(/C(C[N+]([O-])=O)=N/NC(C2=CC([N+]([O-])=O)=CC([N+]([O-])=O)=C2O)=O)O1  ACC-33
BrC1=CC=C(/C(C[N+]([O-])=O)=N/N2CC(NC2=O)=O)O1  ACC-44
BrC1=CC=C(/C(C[N+]([O-])=O)=N/NC(C(NCCCN(CC)CC)=O)=O)O1  ACC-48
O=C/2/C(C(C4=CC=CO4)C(C)([N+]([O-])=O)C(C5=CC=CO5)C2=C/C3=CC=CO3)=C/C1=CC=CO1  QAC-12a
O=C/2/C(C(C4=CC=CC=C4)C(C)([N+]([O-])=O)C(C5=CC=CC=C5)C2=C/C3=CC=CO3)=C/C1=CC=CO1  QAC-12b
O=C/2/C(C(C4=CC=CC=C4)C(C)([N+]([O-])=O)C(C5=CC=CC=C5)C2=C/C3=CC=C(Br)O3)=C/C1=CC=C(Br)O1  QAC-12c
O=C2C(C=O)=COC1(C)CC(C3=CC=CC=C3)C([N+]([O-])=O)C(C4=CC=CO4)C12  QAC-19a
O=C2C(C=O)=COC1(C)CC(C3=CC=CC=C3)C([N+]([O-])=O)C(C4=CC=CC=C4)C12  QAC-19b
OC(C2)(C)C(C(C(C[N+]([O-])=O)CC4=CC=CC=C4)=O)C(C3=CC=CC=C3)C([N+]([O-])=O)C2C1=CC=CC=C1  QAC-21
